<?xml version="1.0" encoding="UTF-8"?>
<testng-results skipped="0" failed="1" ignored="0" total="2" passed="1">
  <reporter-output>
  </reporter-output>
  <suite name="Default suite" duration-ms="47773" started-at="2018-04-06T09:39:36Z" finished-at="2018-04-06T09:40:24Z">
    <groups>
    </groups>
    <test name="Default test" duration-ms="47773" started-at="2018-04-06T09:39:36Z" finished-at="2018-04-06T09:40:24Z">
      <class name="LoginTestCase.LogTestCase">
        <test-method status="PASS" signature="Set()[pri:0, instance:LoginTestCase.LogTestCase@1774679]" name="Set" is-config="true" duration-ms="27536" started-at="2018-04-06T09:39:09Z" finished-at="2018-04-06T09:39:36Z">
          <reporter-output>
          </reporter-output>
        </test-method> <!-- Set -->
        <test-method status="PASS" signature="verifyLog()[pri:0, instance:LoginTestCase.LogTestCase@1774679]" name="verifyLog" duration-ms="47489" started-at="2018-04-06T09:39:36Z" finished-at="2018-04-06T09:40:24Z">
          <reporter-output>
          </reporter-output>
        </test-method> <!-- verifyLog -->
        <test-method status="FAIL" signature="verifyTitle()[pri:0, instance:LoginTestCase.LogTestCase@1774679]" name="verifyTitle" duration-ms="38" started-at="2018-04-06T09:40:24Z" finished-at="2018-04-06T09:40:24Z">
          <exception class="java.lang.AssertionError">
            <message>
              <![CDATA[expected [Facebook – log in or sign up] but found [Log in to Facebook | Facebook]]]>
            </message>
            <full-stacktrace>
              <![CDATA[java.lang.AssertionError: expected [Facebook – log in or sign up] but found [Log in to Facebook | Facebook]
at org.testng.Assert.fail(Assert.java:96)
at org.testng.Assert.failNotEquals(Assert.java:776)
at org.testng.Assert.assertEqualsImpl(Assert.java:137)
at org.testng.Assert.assertEquals(Assert.java:118)
at org.testng.Assert.assertEquals(Assert.java:453)
at org.testng.Assert.assertEquals(Assert.java:463)
at LoginTestCase.LogTestCase.verifyTitle(LogTestCase.java:31)
at sun.reflect.NativeMethodAccessorImpl.invoke0(Native Method)
at sun.reflect.NativeMethodAccessorImpl.invoke(Unknown Source)
at sun.reflect.DelegatingMethodAccessorImpl.invoke(Unknown Source)
at java.lang.reflect.Method.invoke(Unknown Source)
at org.testng.internal.MethodInvocationHelper.invokeMethod(MethodInvocationHelper.java:124)
at org.testng.internal.Invoker.invokeMethod(Invoker.java:580)
at org.testng.internal.Invoker.invokeTestMethod(Invoker.java:716)
at org.testng.internal.Invoker.invokeTestMethods(Invoker.java:988)
at org.testng.internal.TestMethodWorker.invokeTestMethods(TestMethodWorker.java:125)
at org.testng.internal.TestMethodWorker.run(TestMethodWorker.java:109)
at org.testng.TestRunner.privateRun(TestRunner.java:648)
at org.testng.TestRunner.run(TestRunner.java:505)
at org.testng.SuiteRunner.runTest(SuiteRunner.java:455)
at org.testng.SuiteRunner.runSequentially(SuiteRunner.java:450)
at org.testng.SuiteRunner.privateRun(SuiteRunner.java:415)
at org.testng.SuiteRunner.run(SuiteRunner.java:364)
at org.testng.SuiteRunnerWorker.runSuite(SuiteRunnerWorker.java:52)
at org.testng.SuiteRunnerWorker.run(SuiteRunnerWorker.java:84)
at org.testng.TestNG.runSuitesSequentially(TestNG.java:1208)
at org.testng.TestNG.runSuitesLocally(TestNG.java:1137)
at org.testng.TestNG.runSuites(TestNG.java:1049)
at org.testng.TestNG.run(TestNG.java:1017)
at org.testng.remote.AbstractRemoteTestNG.run(AbstractRemoteTestNG.java:114)
at org.testng.remote.RemoteTestNG.initAndRun(RemoteTestNG.java:251)
at org.testng.remote.RemoteTestNG.main(RemoteTestNG.java:77)
]]>
            </full-stacktrace>
          </exception> <!-- java.lang.AssertionError -->
          <reporter-output>
          </reporter-output>
        </test-method> <!-- verifyTitle -->
        <test-method status="PASS" signature="tdown()[pri:0, instance:LoginTestCase.LogTestCase@1774679]" name="tdown" is-config="true" duration-ms="1252" started-at="2018-04-06T09:40:24Z" finished-at="2018-04-06T09:40:25Z">
          <reporter-output>
          </reporter-output>
        </test-method> <!-- tdown -->
      </class> <!-- LoginTestCase.LogTestCase -->
    </test> <!-- Default test -->
  </suite> <!-- Default suite -->
</testng-results>
